[INFO] 02:31:07:024 CPU/(5140:5140): Se inició el logger
[INFO] 02:33:10:824 CPU/(5191:5191): Se inició el logger
[INFO] 02:34:23:559 CPU/(5259:5259): Se inició el logger
[INFO] 02:35:09:600 CPU/(5309:5309): Se inició el logger
[INFO] 02:35:31:694 CPU/(5352:5352): Se inició el logger
[INFO] 02:35:31:694 CPU/(5352:5352): Se cargó la configuración
[INFO] 02:39:52:641 CPU/(11002:11002): Se inició el logger
[INFO] 02:39:52:642 CPU/(11002:11002): Se cargó la configuración
[INFO] 03:09:41:542 CPU/(11944:11944): Se inició el logger
[INFO] 03:09:41:544 CPU/(11944:11944): Se cargó la configuración
[INFO] 03:10:20:812 CPU/(11994:11994): Se inició el logger
[INFO] 03:10:20:812 CPU/(11994:11994): Se cargó la configuración
[INFO] 03:10:56:480 CPU/(12050:12050): Se inició el logger
[INFO] 03:10:56:481 CPU/(12050:12050): Se cargó la configuración
[INFO] 03:11:31:655 CPU/(12100:12100): Se inició el logger
[INFO] 03:11:31:656 CPU/(12100:12100): Se cargó la configuración
[INFO] 03:11:55:420 CPU/(12141:12141): Se inició el logger
[INFO] 03:11:55:421 CPU/(12141:12141): Se cargó la configuración
[INFO] 03:12:20:705 CPU/(12189:12189): Se inició el logger
[INFO] 03:12:20:705 CPU/(12189:12189): Se cargó la configuración
[INFO] 03:12:38:639 CPU/(12232:12232): Se inició el logger
[INFO] 03:12:38:641 CPU/(12232:12232): Se cargó la configuración
[INFO] 03:12:52:824 CPU/(12266:12266): Se inició el logger
[INFO] 03:12:52:825 CPU/(12266:12266): Se cargó la configuración
[INFO] 03:15:53:914 CPU/(12475:12475): Se inició el logger
[INFO] 03:15:53:915 CPU/(12475:12475): Se cargó la configuración
[INFO] 03:16:12:786 CPU/(12518:12518): Se inició el logger
[INFO] 03:16:12:787 CPU/(12518:12518): Se cargó la configuración
[INFO] 03:20:19:681 CPU/(12715:12715): Se inició el logger
[INFO] 03:20:19:682 CPU/(12715:12715): Se cargó la configuración
[INFO] 03:21:57:955 CPU/(12775:12775): Se inició el logger
[INFO] 03:21:57:955 CPU/(12775:12775): Se cargó la configuración
[INFO] 03:22:19:608 CPU/(12819:12819): Se inició el logger
[INFO] 03:22:41:009 CPU/(12867:12867): Se inició el logger
[INFO] 03:24:37:864 CPU/(12966:12966): Se inició el logger
[INFO] 03:29:03:429 CPU/(13203:13203): Se inició el logger
[INFO] 03:32:30:966 CPU/(13337:13337): Se inició el logger
[INFO] 03:32:30:966 CPU/(13337:13337): Se cargó la configuración
[INFO] 22:52:23:789 CPU/(13520:13520): Se inició el logger
[INFO] 22:52:23:796 CPU/(13520:13520): Se cargó la configuración
[INFO] 22:57:21:749 CPU/(13835:13835): Se inició el logger
[INFO] 22:57:21:750 CPU/(13835:13835): Se cargó la configuración
[INFO] 22:58:56:854 CPU/(13975:13975): Se inició el logger
[INFO] 22:58:56:855 CPU/(13975:13975): Se cargó la configuración
[INFO] 22:58:56:855 CPU/(13975:13975): Entrada: 4
[INFO] 23:00:10:985 CPU/(14025:14025): Se inició el logger
[INFO] 23:00:10:986 CPU/(14025:14025): Se cargó la configuración
[INFO] 23:00:10:986 CPU/(14025:14025): Entrada: 4
[INFO] 23:23:31:270 CPU/(15472:15472): Se inició el logger
[INFO] 23:23:31:271 CPU/(15472:15472): Se cargó la configuración
[INFO] 23:23:31:271 CPU/(15472:15472): Entrada: 4 

[INFO] 23:23:31:271 CPU/(15472:15472): REEMPLAZO_TLB: LRU 

[INFO] 23:23:31:271 CPU/(15472:15472): RETARDO_INSTRUCCION: 1000 

[INFO] 23:23:31:271 CPU/(15472:15472): IP_MEMORIA: 127.0.0.1 

[INFO] 23:23:31:271 CPU/(15472:15472): PUERTO_MEMORIA: 8002 

[INFO] 23:23:31:271 CPU/(15472:15472): PUERTO_ESCUCHA_DISPATCH: 8002 

[INFO] 23:23:31:271 CPU/(15472:15472): PUERTO_ESCUCHA_INTERRUPT: 8005 

[INFO] 23:27:02:655 CPU/(15643:15643): Se inició el logger
[INFO] 23:27:02:657 CPU/(15643:15643): Se cargó la configuración
[INFO] 23:27:02:657 CPU/(15643:15643): Entrada: 4 

[INFO] 23:27:02:657 CPU/(15643:15643): REEMPLAZO_TLB: LRU 

[INFO] 23:27:02:657 CPU/(15643:15643): RETARDO_INSTRUCCION: 1000 

[INFO] 23:27:02:657 CPU/(15643:15643): IP_MEMORIA: 127.0.0.1 

[INFO] 23:27:02:657 CPU/(15643:15643): PUERTO_MEMORIA: 8002 

[INFO] 23:27:02:657 CPU/(15643:15643): PUERTO_ESCUCHA_DISPATCH: 8002 

[INFO] 23:27:02:657 CPU/(15643:15643): PUERTO_ESCUCHA_INTERRUPT: 8005 

[INFO] 23:58:02:242 CPU/(16284:16284): Se inició el logger
[INFO] 23:58:02:245 CPU/(16284:16284): Se cargó la configuración
[INFO] 23:58:02:245 CPU/(16284:16284): Entrada: 4 

[INFO] 23:58:02:245 CPU/(16284:16284): REEMPLAZO_TLB: LRU 

[INFO] 23:58:02:245 CPU/(16284:16284): RETARDO_INSTRUCCION: 1000 

[INFO] 23:58:02:248 CPU/(16284:16284): IP_MEMORIA: 127.0.0.1 

[INFO] 23:58:02:248 CPU/(16284:16284): PUERTO_MEMORIA: 8002 

[INFO] 23:58:02:248 CPU/(16284:16284): PUERTO_ESCUCHA_DISPATCH: 8002 

[INFO] 23:58:02:248 CPU/(16284:16284): PUERTO_ESCUCHA_INTERRUPT: 8005 

[INFO] 23:58:02:248 CPU/(16284:16284): Cargar memoria
[INFO] 00:18:40:244 CPU/(16802:16802): Se inició el logger
[INFO] 00:18:40:244 CPU/(16802:16802): Se cargó la configuración
[INFO] 00:18:40:244 CPU/(16802:16802): Entrada: 4 

[INFO] 00:18:40:244 CPU/(16802:16802): REEMPLAZO_TLB: LRU 

[INFO] 00:18:40:245 CPU/(16802:16802): RETARDO_INSTRUCCION: 1000 

[INFO] 00:18:40:245 CPU/(16802:16802): IP_MEMORIA: 127.0.0.1 

[INFO] 00:18:40:245 CPU/(16802:16802): PUERTO_MEMORIA: 8002 

[INFO] 00:18:40:245 CPU/(16802:16802): PUERTO_ESCUCHA_DISPATCH: 8002 

[INFO] 00:18:40:245 CPU/(16802:16802): PUERTO_ESCUCHA_INTERRUPT: 8005 

[INFO] 00:18:40:245 CPU/(16802:16802): Cargar memoria
[INFO] 00:18:40:245 CPU/(16802:16802): Conexion creada
